<?xml version="1.0" encoding="UTF-8"?>
<testsuite xmlns:xsi="http://www.w3.org/2001/XMLSchema-instance" xsi:noNamespaceSchemaLocation="https://maven.apache.org/surefire/maven-surefire-plugin/xsd/surefire-test-report-3.0.xsd" version="3.0" name="com.retail.store.discount.service.DiscountsServiceTest" time="0.119" tests="8" errors="0" skipped="0" failures="0">
  <properties>
[...]
</properties>
  <testcase name="testNetPayableAmount_customerUserTypeOver2Years" classname="com.retail.store.discount.service.DiscountsServiceTest" time="0.056"/>
  <testcase name="testGetPercentageDiscountStrategyForEmployee" classname="com.retail.store.discount.service.DiscountsServiceTest" time="0.003"/>
  <testcase name="testNetPayableAmount_userNotFound" classname="com.retail.store.discount.service.DiscountsServiceTest" time="0.013"/>
  <testcase name="testNetPayableAmount" classname="com.retail.store.discount.service.DiscountsServiceTest" time="0.003"/>
  <testcase name="testGetPercentageDiscountStrategyForAffiliate" classname="com.retail.store.discount.service.DiscountsServiceTest" time="0.002"/>
  <testcase name="testGetPercentageDiscountStrategyForCustomerOver2Years" classname="com.retail.store.discount.service.DiscountsServiceTest" time="0.002"/>
  <testcase name="testNetPayableAmount_customerUserType" classname="com.retail.store.discount.service.DiscountsServiceTest" time="0.002"/>
  <testcase name="testGetPercentageDiscountStrategyForCustomerLessThan2Years" classname="com.retail.store.discount.service.DiscountsServiceTest" time="0.001"/>
</testsuite>