<?xml version="1.0" encoding="UTF-8"?>
<testsuite xmlns:xsi="http://www.w3.org/2001/XMLSchema-instance" xsi:noNamespaceSchemaLocation="https://maven.apache.org/surefire/maven-surefire-plugin/xsd/surefire-test-report-3.0.xsd" version="3.0" name="com.retail.store.user.controller.UsersControllerTest" time="11.173" tests="6" errors="0" skipped="0" failures="0">
  <properties>
[...]
</properties>
  <testcase name="testGetAllUserNotPaginated_successResponse" classname="com.retail.store.user.controller.UsersControllerTest" time="1.837">
    <system-out><![CDATA[21:01:57.134 [main] INFO org.springframework.test.context.support.AnnotationConfigContextLoaderUtils -- Could not detect default configuration classes for test class [com.retail.store.user.controller.UsersControllerTest]: UsersControllerTest does not declare any static, non-private, non-final, nested classes annotated with @Configuration.
21:01:57.739 [main] INFO org.springframework.boot.test.context.SpringBootTestContextBootstrapper -- Found @SpringBootConfiguration com.retail.store.user.UsersApplication for test class com.retail.store.user.controller.UsersControllerTest
21:01:58.130 [main] INFO org.springframework.boot.devtools.restart.RestartApplicationListener -- Restart disabled due to context in which it is running

  .   ____          _            __ _ _
 /\\ / ___'_ __ _ _(_)_ __  __ _ \ \ \ \
( ( )\___ | '_ | '_| | '_ \/ _` | \ \ \ \
 \\/  ___)| |_)| | | | | || (_| |  ) ) ) )
  '  |____| .__|_| |_|_| |_\__, | / / / /
 =========|_|==============|___/=/_/_/_/

 :: Spring Boot ::                (v3.3.2)

2024-07-31T21:01:59.043+03:00  INFO 86011 --- [users] [           main] c.r.s.u.controller.UsersControllerTest   : Starting UsersControllerTest using Java 21.0.4 with PID 86011 (started by user in /Users/user/MyFiles/retail-store/users)
2024-07-31T21:01:59.045+03:00  INFO 86011 --- [users] [           main] c.r.s.u.controller.UsersControllerTest   : The following 1 profile is active: "dev"
2024-07-31T21:02:05.102+03:00  INFO 86011 --- [users] [           main] o.s.b.t.m.w.SpringBootMockServletContext : Initializing Spring TestDispatcherServlet ''
2024-07-31T21:02:05.103+03:00  INFO 86011 --- [users] [           main] o.s.t.web.servlet.TestDispatcherServlet  : Initializing Servlet ''
2024-07-31T21:02:05.106+03:00  INFO 86011 --- [users] [           main] o.s.t.web.servlet.TestDispatcherServlet  : Completed initialization in 2 ms
2024-07-31T21:02:05.179+03:00  INFO 86011 --- [users] [           main] c.r.s.u.controller.UsersControllerTest   : Started UsersControllerTest in 7.085 seconds (process running for 14.764)
2024-07-31T21:02:05.821+03:00  INFO 86011 --- [users] [           main] c.r.s.u.service.impl.UsersServiceImpl    : Get users pageable org.springframework.data.domain.Unpaged@210

MockHttpServletRequest:
      HTTP Method = GET
      Request URI = /
       Parameters = {page=[-1], size=[-1]}
          Headers = [Content-Type:"application/json;charset=UTF-8", Accept:"application/json"]
             Body = null
    Session Attrs = {}

Handler:
             Type = com.retail.store.user.controller.UsersController
           Method = com.retail.store.user.controller.UsersController#getAllUsers(int, int)

Async:
    Async started = false
     Async result = null

Resolved Exception:
             Type = null

ModelAndView:
        View name = null
             View = null
            Model = null

FlashMap:
       Attributes = null

MockHttpServletResponse:
           Status = 200
    Error message = null
          Headers = [Content-Type:"application/json"]
     Content type = application/json
             Body = {"date":"2024-07-31T18:02:05.851942Z","response":{"content":[{"id":1,"name":"test","userType":"EMPLOYEE","createdDate":null,"modifiedDate":null}],"page":{"size":1,"number":0,"totalElements":1,"totalPages":1}}}
    Forwarded URL = null
   Redirected URL = null
          Cookies = []
]]></system-out>
    <system-err><![CDATA[WARNING: A Java agent has been loaded dynamically (/Users/user/.m2/repository/net/bytebuddy/byte-buddy-agent/1.14.18/byte-buddy-agent-1.14.18.jar)
WARNING: If a serviceability tool is in use, please run with -XX:+EnableDynamicAgentLoading to hide this warning
WARNING: If a serviceability tool is not in use, please run with -Djdk.instrument.traceUsage for more information
WARNING: Dynamic loading of agents will be disallowed by default in a future release
]]></system-err>
  </testcase>
  <testcase name="testGetUserById_successResponse" classname="com.retail.store.user.controller.UsersControllerTest" time="0.039">
    <system-out><![CDATA[2024-07-31T21:02:07.066+03:00  INFO 86011 --- [users] [           main] c.r.s.u.service.impl.UsersServiceImpl    : Get user 1

MockHttpServletRequest:
      HTTP Method = GET
      Request URI = /1
       Parameters = {}
          Headers = [Content-Type:"application/json;charset=UTF-8", Accept:"application/json"]
             Body = null
    Session Attrs = {}

Handler:
             Type = com.retail.store.user.controller.UsersController
           Method = com.retail.store.user.controller.UsersController#getUser(long)

Async:
    Async started = false
     Async result = null

Resolved Exception:
             Type = null

ModelAndView:
        View name = null
             View = null
            Model = null

FlashMap:
       Attributes = null

MockHttpServletResponse:
           Status = 200
    Error message = null
          Headers = [Content-Type:"application/json"]
     Content type = application/json
             Body = {"date":"2024-07-31T18:02:07.068163Z","response":{"id":1,"name":"test","userType":"EMPLOYEE","createdDate":null,"modifiedDate":null}}
    Forwarded URL = null
   Redirected URL = null
          Cookies = []
]]></system-out>
  </testcase>
  <testcase name="testCreateUser_successResponse" classname="com.retail.store.user.controller.UsersControllerTest" time="0.652">
    <system-out><![CDATA[2024-07-31T21:02:07.724+03:00  INFO 86011 --- [users] [           main] c.r.s.u.service.impl.UsersServiceImpl    : Create user UserDto(id=0, name=test, userType=EMPLOYEE, createdDate=null, modifiedDate=null)

MockHttpServletRequest:
      HTTP Method = POST
      Request URI = /
       Parameters = {}
          Headers = [Content-Type:"application/json;charset=UTF-8", Accept:"application/json", Content-Length:"51"]
             Body = {
    "name": "test",
    "userType": "EMPLOYEE"
}

    Session Attrs = {}

Handler:
             Type = com.retail.store.user.controller.UsersController
           Method = com.retail.store.user.controller.UsersController#createUser(UserDto)

Async:
    Async started = false
     Async result = null

Resolved Exception:
             Type = null

ModelAndView:
        View name = null
             View = null
            Model = null

FlashMap:
       Attributes = null

MockHttpServletResponse:
           Status = 201
    Error message = null
          Headers = [Content-Type:"application/json"]
     Content type = application/json
             Body = {"date":"2024-07-31T18:02:07.732844Z","response":{"id":1,"name":"test","userType":"EMPLOYEE","createdDate":"2024-07-31T18:02:07.094239Z","modifiedDate":null}}
    Forwarded URL = null
   Redirected URL = null
          Cookies = []
]]></system-out>
  </testcase>
  <testcase name="testUpdateUser_successResponse" classname="com.retail.store.user.controller.UsersControllerTest" time="0.022">
    <system-out><![CDATA[2024-07-31T21:02:07.755+03:00  INFO 86011 --- [users] [           main] c.r.s.u.service.impl.UsersServiceImpl    : Update user 1

MockHttpServletRequest:
      HTTP Method = PUT
      Request URI = /1
       Parameters = {}
          Headers = [Content-Type:"application/json;charset=UTF-8", Accept:"application/json", Content-Length:"52"]
             Body = {
    "name": "test1",
    "userType": "EMPLOYEE"
}

    Session Attrs = {}

Handler:
             Type = com.retail.store.user.controller.UsersController
           Method = com.retail.store.user.controller.UsersController#updateUser(long, UserDto)

Async:
    Async started = false
     Async result = null

Resolved Exception:
             Type = null

ModelAndView:
        View name = null
             View = null
            Model = null

FlashMap:
       Attributes = null

MockHttpServletResponse:
           Status = 200
    Error message = null
          Headers = [Content-Type:"application/json"]
     Content type = application/json
             Body = {"date":"2024-07-31T18:02:07.756926Z","response":{"id":1,"name":"test1","userType":"EMPLOYEE","createdDate":null,"modifiedDate":"2024-07-31T18:02:07.756093Z"}}
    Forwarded URL = null
   Redirected URL = null
          Cookies = []
]]></system-out>
  </testcase>
  <testcase name="testDeleteUser_successResponse" classname="com.retail.store.user.controller.UsersControllerTest" time="0.046">
    <system-out><![CDATA[2024-07-31T21:02:07.802+03:00  INFO 86011 --- [users] [           main] c.r.s.u.service.impl.UsersServiceImpl    : Delete user 1

MockHttpServletRequest:
      HTTP Method = DELETE
      Request URI = /1
       Parameters = {}
          Headers = [Content-Type:"application/json;charset=UTF-8", Accept:"application/json"]
             Body = null
    Session Attrs = {}

Handler:
             Type = com.retail.store.user.controller.UsersController
           Method = com.retail.store.user.controller.UsersController#deleteUser(long)

Async:
    Async started = false
     Async result = null

Resolved Exception:
             Type = null

ModelAndView:
        View name = null
             View = null
            Model = null

FlashMap:
       Attributes = null

MockHttpServletResponse:
           Status = 204
    Error message = null
          Headers = []
     Content type = null
             Body = 
    Forwarded URL = null
   Redirected URL = null
          Cookies = []
]]></system-out>
  </testcase>
  <testcase name="testGetAllUserPaginated_successResponse" classname="com.retail.store.user.controller.UsersControllerTest" time="0.019">
    <system-out><![CDATA[2024-07-31T21:02:07.827+03:00  INFO 86011 --- [users] [           main] c.r.s.u.service.impl.UsersServiceImpl    : Get users pageable Page request [number: 0, size 1, sort: UNSORTED]

MockHttpServletRequest:
      HTTP Method = GET
      Request URI = /
       Parameters = {page=[0], size=[1]}
          Headers = [Content-Type:"application/json;charset=UTF-8", Accept:"application/json"]
             Body = null
    Session Attrs = {}

Handler:
             Type = com.retail.store.user.controller.UsersController
           Method = com.retail.store.user.controller.UsersController#getAllUsers(int, int)

Async:
    Async started = false
     Async result = null

Resolved Exception:
             Type = null

ModelAndView:
        View name = null
             View = null
            Model = null

FlashMap:
       Attributes = null

MockHttpServletResponse:
           Status = 200
    Error message = null
          Headers = [Content-Type:"application/json"]
     Content type = application/json
             Body = {"date":"2024-07-31T18:02:07.830438Z","response":{"content":[{"id":1,"name":"test","userType":"EMPLOYEE","createdDate":null,"modifiedDate":null}],"page":{"size":1,"number":0,"totalElements":1,"totalPages":1}}}
    Forwarded URL = null
   Redirected URL = null
          Cookies = []
]]></system-out>
  </testcase>
</testsuite>